<?xml version="1.0" encoding="UTF-8"?>
<!-- Generated by org.testng.reporters.JUnitXMLReporter -->
<testsuite ignored="0" hostname="DESKTOP-UM81SHF" failures="0" tests="3" name="Regression" time="16.387" errors="0" timestamp="2025-05-26T23:05:56 WIB">
  <testcase classname="com.juaracoding.test.tests.LoginTest" name="testValidLogin" time="0.394"/>
  <testcase classname="com.juaracoding.test.tests.AddToCartTest" name="testAddToCart" time="0.53"/>
  <testcase classname="com.juaracoding.test.tests.CheckoutTest" name="testCheckout" time="1.134"/>
</testsuite> <!-- Regression -->
